\BOOKMARK [1][-]{section.1}{\376\377\000E\000i\000n\000l\000e\000i\000t\000u\000n\000g}{}% 1
\BOOKMARK [1][-]{section.2}{\376\377\000G\000r\000u\000n\000d\000l\000a\000g\000e\000n}{}% 2
\BOOKMARK [2][-]{subsection.2.1}{\376\377\000A\000u\000f\000b\000a\000u\000\040\000v\000o\000n\000\040\000G\000a\000l\000a\000x\000i\000e\000n}{section.2}% 3
\BOOKMARK [2][-]{subsection.2.2}{\376\377\000G\000a\000l\000x\000i\000e\000n\000\040\000d\000r\000e\000h\000e\000n\000\040\000s\000i\000c\000h\000\040\000z\000u\000\040\000s\000c\000h\000n\000e\000l\000l}{section.2}% 4
\BOOKMARK [2][-]{subsection.2.3}{\376\377\000R\000o\000t\000a\000t\000i\000o\000n\000s\000k\000u\000r\000v\000e}{section.2}% 5
\BOOKMARK [2][-]{subsection.2.4}{\376\377\000D\000i\000e\000\040\000v\000i\000e\000r\000\040\000f\000u\000n\000d\000a\000m\000e\000n\000t\000a\000l\000e\000\040\000W\000e\000c\000h\000s\000e\000l\000w\000i\000r\000k\000u\000n\000g\000e\000n}{section.2}% 6
\BOOKMARK [2][-]{subsection.2.5}{\376\377\000D\000u\000n\000k\000l\000e\000\040\000M\000a\000t\000e\000r\000i\000e}{section.2}% 7
\BOOKMARK [2][-]{subsection.2.6}{\376\377\000E\000r\000s\000t\000e\000s\000\040\000U\000n\000t\000e\000r\000k\000a\000p\000i\000t\000e\000l\000\040\000d\000e\000s\000\040\000e\000r\000s\000t\000e\000n\000\040\000K\000a\000p\000i\000t\000e\000l\000s}{section.2}% 8
\BOOKMARK [2][-]{subsection.2.7}{\376\377\000Z\000w\000e\000i\000t\000e\000s\000\040\000U\000n\000t\000e\000r\000k\000a\000p\000i\000t\000e\000l\000\040\000d\000e\000s\000\040\000e\000r\000s\000t\000e\000n\000\040\000K\000a\000p\000i\000t\000e\000l\000s}{section.2}% 9
\BOOKMARK [1][-]{section.3}{\376\377\000K\000a\000p\000i\000t\000e\000l\000\040\0003}{}% 10
\BOOKMARK [2][-]{subsection.3.1}{\376\377\000B\000a\000r\000y\000o\000n\000i\000s\000c\000h\000e\000\040\000M\000a\000t\000e\000r\000i\000e}{section.3}% 11
\BOOKMARK [2][-]{subsection.3.2}{\376\377\000D\000u\000n\000k\000l\000e\000\040\000M\000a\000t\000e\000r\000i\000e}{section.3}% 12
\BOOKMARK [2][-]{subsection.3.3}{\376\377\000A\000u\000f\000z\000\344\000h\000l\000u\000n\000g}{section.3}% 13
\BOOKMARK [2][-]{subsection.3.4}{\376\377\000H\000i\000l\000f\000r\000e\000i\000c\000h\000e\000\040\000L\000i\000n\000k\000s}{section.3}% 14
\BOOKMARK [3][-]{subsubsection.3.4.1}{\376\377\000T\000a\000b\000e\000l\000l\000e}{subsection.3.4}% 15
\BOOKMARK [3][-]{subsubsection.3.4.2}{\376\377\000S\000y\000m\000b\000o\000l\000e}{subsection.3.4}% 16
\BOOKMARK [2][-]{subsection.3.5}{\376\377\000Z\000w\000e\000i\000t\000e\000s\000\040\000U\000n\000t\000e\000r\000k\000a\000p\000i\000t\000e\000l\000\040\000d\000e\000s\000\040\000z\000w\000e\000i\000t\000e\000n\000\040\000K\000a\000p\000i\000t\000e\000l\000s}{section.3}% 17
\BOOKMARK [1][-]{section.4}{\376\377\000C\000o\000d\000e}{}% 18
\BOOKMARK [2][-]{subsection.4.1}{\376\377\000P\000y\000t\000h\000o\000n\000\040\000C\000o\000d\000e}{section.4}% 19
\BOOKMARK [2][-]{subsection.4.2}{\376\377\000J\000a\000v\000a\000S\000c\000r\000i\000p\000t\000\040\000a\000n\000d\000\040\000T\000y\000p\000e\000S\000c\000r\000i\000p\000t\000\040\000C\000o\000d\000e}{section.4}% 20
\BOOKMARK [2][-]{subsection.4.3}{\376\377\000C\000\043\000\040\000C\000o\000d\000e}{section.4}% 21
\BOOKMARK [1][-]{appendix.A}{\376\377\000E\000r\000s\000t\000e\000r\000\040\000A\000n\000h\000a\000n\000g}{}% 22
\BOOKMARK [1][-]{appendix.B}{\376\377\000Z\000w\000e\000i\000t\000e\000r\000\040\000A\000n\000h\000a\000n\000g}{}% 23
\BOOKMARK [1][-]{section*.4}{\376\377\000L\000i\000t\000e\000r\000a\000t\000u\000r}{}% 24
\BOOKMARK [1][-]{section*.4}{\376\377\000A\000b\000b\000i\000l\000d\000u\000n\000g\000s\000v\000e\000r\000z\000e\000i\000c\000h\000n\000i\000s}{}% 25
